[debug] [2025-02-20T21:34:06.124Z] ----------------------------------------------------------------------
[debug] [2025-02-20T21:34:06.128Z] Command:       C:\Program Files\nodejs\node.exe C:\Users\devmmanuel\AppData\Roaming\npm\node_modules\firebase-tools\lib\bin\firebase.js init
[debug] [2025-02-20T21:34:06.129Z] CLI Version:   13.31.2
[debug] [2025-02-20T21:34:06.129Z] Platform:      win32
[debug] [2025-02-20T21:34:06.129Z] Node Version:  v22.13.1
[debug] [2025-02-20T21:34:06.129Z] Time:          Thu Feb 20 2025 23:34:06 GMT+0200 (Central Africa Time)
[debug] [2025-02-20T21:34:06.130Z] ----------------------------------------------------------------------
[debug] 
[debug] [2025-02-20T21:34:06.141Z] > command requires scopes: ["email","openid","https://www.googleapis.com/auth/cloudplatformprojects.readonly","https://www.googleapis.com/auth/firebase","https://www.googleapis.com/auth/cloud-platform"]
[debug] [2025-02-20T21:34:06.142Z] > authorizing via signed-in user (nyikadzanzwaemmanuelnyasha@gmail.com)
[info] 
     ######## #### ########  ######## ########     ###     ######  ########
     ##        ##  ##     ## ##       ##     ##  ##   ##  ##       ##
     ######    ##  ########  ######   ########  #########  ######  ######
     ##        ##  ##    ##  ##       ##     ## ##     ##       ## ##
     ##       #### ##     ## ######## ########  ##     ##  ######  ########

You're about to initialize a Firebase project in this directory:

  C:\Users\devmmanuel\Documents\projects\mobileapp\meter-reader

[info] 
=== Project Setup
[info] 
[info] First, let's associate this project directory with a Firebase project.
[info] You can create multiple project aliases by running firebase use --add, 
[info] but for now we'll just set up a default project.
[info] 
[info] i  If you want to create a project in a Google Cloud organization or folder, please use "firebase projects:create" instead, and return to this command when you've created the project. 
[debug] [2025-02-20T21:36:43.418Z] Checked if tokens are valid: true, expires at: 1740090651020
[debug] [2025-02-20T21:36:43.418Z] Checked if tokens are valid: true, expires at: 1740090651020
[debug] [2025-02-20T21:36:43.420Z] >>> [apiv2][query] POST https://cloudresourcemanager.googleapis.com/v1/projects [none]
[debug] [2025-02-20T21:36:43.420Z] >>> [apiv2][body] POST https://cloudresourcemanager.googleapis.com/v1/projects {"projectId":"kosa#1234","name":"meterapp"}
[debug] [2025-02-20T21:36:45.458Z] <<< [apiv2][status] POST https://cloudresourcemanager.googleapis.com/v1/projects 400
[debug] [2025-02-20T21:36:45.458Z] <<< [apiv2][body] POST https://cloudresourcemanager.googleapis.com/v1/projects {"error":{"code":400,"message":"field [project_id] has issue [project_id contains invalid characters]","status":"INVALID_ARGUMENT","details":[{"@type":"type.googleapis.com/google.rpc.BadRequest","fieldViolations":[{"field":"project_id","description":"project_id contains invalid characters"}]},{"@type":"type.googleapis.com/google.rpc.Help","links":[{"url":"https://cloud.google.com/resource-manager/reference/rest/v1/projects"}]}]}}
[debug] [2025-02-20T21:36:45.934Z] FirebaseError: Request to https://cloudresourcemanager.googleapis.com/v1/projects had HTTP Error: 400, field [project_id] has issue [project_id contains invalid characters]
    at responseToError (C:\Users\devmmanuel\AppData\Roaming\npm\node_modules\firebase-tools\lib\responseToError.js:52:12)
    at RetryOperation._fn (C:\Users\devmmanuel\AppData\Roaming\npm\node_modules\firebase-tools\lib\apiv2.js:312:77)
    at process.processTicksAndRejections (node:internal/process/task_queues:105:5)
[error] 
[error] Error: Failed to create project. See firebase-debug.log for more info.
[debug] [2025-02-20T21:36:58.602Z] ----------------------------------------------------------------------
[debug] [2025-02-20T21:36:58.618Z] Command:       C:\Program Files\nodejs\node.exe C:\Users\devmmanuel\AppData\Roaming\npm\node_modules\firebase-tools\lib\bin\firebase.js init
[debug] [2025-02-20T21:36:58.619Z] CLI Version:   13.31.2
[debug] [2025-02-20T21:36:58.619Z] Platform:      win32
[debug] [2025-02-20T21:36:58.619Z] Node Version:  v22.13.1
[debug] [2025-02-20T21:36:58.620Z] Time:          Thu Feb 20 2025 23:36:58 GMT+0200 (Central Africa Time)
[debug] [2025-02-20T21:36:58.620Z] ----------------------------------------------------------------------
[debug] 
[debug] [2025-02-20T21:36:58.633Z] > command requires scopes: ["email","openid","https://www.googleapis.com/auth/cloudplatformprojects.readonly","https://www.googleapis.com/auth/firebase","https://www.googleapis.com/auth/cloud-platform"]
[debug] [2025-02-20T21:36:58.633Z] > authorizing via signed-in user (nyikadzanzwaemmanuelnyasha@gmail.com)
[info] 
     ######## #### ########  ######## ########     ###     ######  ########
     ##        ##  ##     ## ##       ##     ##  ##   ##  ##       ##
     ######    ##  ########  ######   ########  #########  ######  ######
     ##        ##  ##    ##  ##       ##     ## ##     ##       ## ##
     ##       #### ##     ## ######## ########  ##     ##  ######  ########

You're about to initialize a Firebase project in this directory:

  C:\Users\devmmanuel\Documents\projects\mobileapp\meter-reader

